-- Found ament_cmake: 1.3.6 (/opt/ros/humble/share/ament_cmake/cmake)
-- Found rclcpp: 16.0.7 (/opt/ros/humble/share/rclcpp/cmake)
-- Found rosidl_generator_c: 3.1.5 (/opt/ros/humble/share/rosidl_generator_c/cmake)
-- Found rosidl_adapter: 3.1.5 (/opt/ros/humble/share/rosidl_adapter/cmake)
-- Found rosidl_generator_cpp: 3.1.5 (/opt/ros/humble/share/rosidl_generator_cpp/cmake)
-- Using all available rosidl_typesupport_c: rosidl_typesupport_fastrtps_c;rosidl_typesupport_introspection_c
-- Using all available rosidl_typesupport_cpp: rosidl_typesupport_fastrtps_cpp;rosidl_typesupport_introspection_cpp
-- Found rmw_implementation_cmake: 6.1.1 (/opt/ros/humble/share/rmw_implementation_cmake/cmake)
-- Found rmw_fastrtps_cpp: 6.2.5 (/opt/ros/humble/share/rmw_fastrtps_cpp/cmake)
-- Using RMW implementation 'rmw_fastrtps_cpp' as default
-- Found rosidl_default_generators: 1.2.0 (/opt/ros/humble/share/rosidl_default_generators/cmake)
-- Found geometry_msgs: 4.2.3 (/opt/ros/humble/share/geometry_msgs/cmake)
-- Found nav_msgs: 4.2.3 (/opt/ros/humble/share/nav_msgs/cmake)
-- Found rclpy: 3.3.11 (/opt/ros/humble/share/rclpy/cmake)
-- Found tf2: 0.25.5 (/opt/ros/humble/share/tf2/cmake)
-- Found ament_cmake_ros: 0.10.0 (/opt/ros/humble/share/ament_cmake_ros/cmake)
-- Using all available rosidl_typesupport_c: rosidl_typesupport_fastrtps_c;rosidl_typesupport_introspection_c
-- Using all available rosidl_typesupport_cpp: rosidl_typesupport_fastrtps_cpp;rosidl_typesupport_introspection_cpp
-- Found python_cmake_module: 0.10.0 (/opt/ros/humble/share/python_cmake_module/cmake)
-- Using PYTHON_EXECUTABLE: /usr/bin/python3
-- Using PYTHON_INCLUDE_DIRS: /usr/include/python3.10
-- Using PYTHON_LIBRARIES: /usr/lib/x86_64-linux-gnu/libpython3.10.so
-- Configuring done
-- Generating done
-- Build files have been written to: /home/user/ros2_ws/src/build/roboclaw_ros2
[35m[1mConsolidate compiler generated dependencies of target roboclaw_ros2__rosidl_generator_c[0m
[35m[1mConsolidate compiler generated dependencies of target roboclaw_driver[0m
[  2%] Built target roboclaw_ros2__cpp
[ 10%] Built target roboclaw_ros2__rosidl_generator_c
[ 10%] Built target ament_cmake_python_copy_roboclaw_ros2
[35m[1mConsolidate compiler generated dependencies of target roboclaw_ros2__rosidl_typesupport_fastrtps_cpp[0m
[35m[1mConsolidate compiler generated dependencies of target roboclaw_ros2__rosidl_typesupport_cpp[0m
[35m[1mConsolidate compiler generated dependencies of target roboclaw_ros2__rosidl_typesupport_introspection_cpp[0m
[35m[1mConsolidate compiler generated dependencies of target roboclaw_ros2__rosidl_typesupport_c[0m
[35m[1mConsolidate compiler generated dependencies of target roboclaw_ros2__rosidl_typesupport_introspection_c[0m
[35m[1mConsolidate compiler generated dependencies of target roboclaw_ros2__rosidl_typesupport_fastrtps_c[0m
[ 18%] Built target roboclaw_ros2__rosidl_typesupport_fastrtps_cpp
[ 26%] Built target roboclaw_ros2__rosidl_typesupport_c
[ 34%] Built target roboclaw_ros2__rosidl_typesupport_introspection_c
[ 42%] Built target roboclaw_ros2__rosidl_typesupport_cpp
[ 50%] Built target roboclaw_ros2__rosidl_typesupport_introspection_cpp
[ 58%] Built target roboclaw_ros2__rosidl_typesupport_fastrtps_c
[ 64%] Built target roboclaw_driver
[ 66%] [32mBuilding CXX object CMakeFiles/diffdrive_roscore.dir/src/diffdrive_roscore.cpp.o[0m
[ 68%] [32mBuilding CXX object CMakeFiles/roboclaw_roscore.dir/src/roboclaw_roscore.cpp.o[0m
[ 68%] Built target roboclaw_ros2
[ 70%] Built target roboclaw_ros2__py
[35m[1mConsolidate compiler generated dependencies of target roboclaw_ros2__rosidl_generator_py[0m
[ 76%] Built target roboclaw_ros2__rosidl_generator_py
[35m[1mConsolidate compiler generated dependencies of target roboclaw_ros2__rosidl_typesupport_fastrtps_c__pyext[0m
[35m[1mConsolidate compiler generated dependencies of target roboclaw_ros2__rosidl_typesupport_introspection_c__pyext[0m
[35m[1mConsolidate compiler generated dependencies of target roboclaw_ros2__rosidl_typesupport_c__pyext[0m
[ 80%] Built target roboclaw_ros2__rosidl_typesupport_introspection_c__pyext
[ 84%] Built target roboclaw_ros2__rosidl_typesupport_fastrtps_c__pyext
[ 88%] Built target roboclaw_ros2__rosidl_typesupport_c__pyext
running egg_info
writing roboclaw_ros2.egg-info/PKG-INFO
writing dependency_links to roboclaw_ros2.egg-info/dependency_links.txt
writing top-level names to roboclaw_ros2.egg-info/top_level.txt
reading manifest file 'roboclaw_ros2.egg-info/SOURCES.txt'
writing manifest file 'roboclaw_ros2.egg-info/SOURCES.txt'
[ 88%] Built target ament_cmake_python_build_roboclaw_ros2_egg
In file included from [01m[K/home/user/ros2_ws/src/roboclaw_ros2/src/diffdrive_roscore.cpp:28[m[K:
[01m[K/home/user/ros2_ws/src/roboclaw_ros2/include/diffdrive_roscore.h:32:10:[m[K [01;31m[Kfatal error: [m[Kroboclaw_ros2/msg/RoboclawEncoderSteps.hpp: No such file or directory
   32 | #include [01;31m[K"roboclaw_ros2/msg/RoboclawEncoderSteps.hpp"[m[K
      |          [01;31m[K^~~~~~~~~~~~~~~~~~~~~~~~~~~~~~~~~~~~~~~~~~~~[m[K
compilation terminated.
gmake[2]: *** [CMakeFiles/diffdrive_roscore.dir/build.make:76: CMakeFiles/diffdrive_roscore.dir/src/diffdrive_roscore.cpp.o] Error 1
gmake[1]: *** [CMakeFiles/Makefile2:684: CMakeFiles/diffdrive_roscore.dir/all] Error 2
gmake[1]: *** Waiting for unfinished jobs....
In file included from [01m[K/home/user/ros2_ws/src/roboclaw_ros2/src/roboclaw_roscore.cpp:24[m[K:
[01m[K/home/user/ros2_ws/src/roboclaw_ros2/include/roboclaw_roscore.h:34:10:[m[K [01;31m[Kfatal error: [m[Kroboclaw_ros2/msg/RoboclawEncoderSteps.hpp: No such file or directory
   34 | #include [01;31m[K"roboclaw_ros2/msg/RoboclawEncoderSteps.hpp"[m[K
      |          [01;31m[K^~~~~~~~~~~~~~~~~~~~~~~~~~~~~~~~~~~~~~~~~~~~[m[K
compilation terminated.
gmake[2]: *** [CMakeFiles/roboclaw_roscore.dir/build.make:76: CMakeFiles/roboclaw_roscore.dir/src/roboclaw_roscore.cpp.o] Error 1
gmake[1]: *** [CMakeFiles/Makefile2:628: CMakeFiles/roboclaw_roscore.dir/all] Error 2
gmake: *** [Makefile:146: all] Error 2
