[0.078s] Invoking command in '/home/user/ros2_ws/src/build/roboclaw_ros2': CMAKE_PREFIX_PATH=${CMAKE_PREFIX_PATH}:/opt/ros/humble /usr/bin/cmake --build /home/user/ros2_ws/src/build/roboclaw_ros2 -- -j12 -l12
[0.104s] -- Found ament_cmake: 1.3.6 (/opt/ros/humble/share/ament_cmake/cmake)
[0.252s] -- Found rclcpp: 16.0.7 (/opt/ros/humble/share/rclcpp/cmake)
[0.288s] -- Found rosidl_generator_c: 3.1.5 (/opt/ros/humble/share/rosidl_generator_c/cmake)
[0.292s] -- Found rosidl_adapter: 3.1.5 (/opt/ros/humble/share/rosidl_adapter/cmake)
[0.302s] -- Found rosidl_generator_cpp: 3.1.5 (/opt/ros/humble/share/rosidl_generator_cpp/cmake)
[0.316s] -- Using all available rosidl_typesupport_c: rosidl_typesupport_fastrtps_c;rosidl_typesupport_introspection_c
[0.338s] -- Using all available rosidl_typesupport_cpp: rosidl_typesupport_fastrtps_cpp;rosidl_typesupport_introspection_cpp
[0.424s] -- Found rmw_implementation_cmake: 6.1.1 (/opt/ros/humble/share/rmw_implementation_cmake/cmake)
[0.425s] -- Found rmw_fastrtps_cpp: 6.2.5 (/opt/ros/humble/share/rmw_fastrtps_cpp/cmake)
[0.575s] -- Using RMW implementation 'rmw_fastrtps_cpp' as default
[0.779s] -- Found rosidl_default_generators: 1.2.0 (/opt/ros/humble/share/rosidl_default_generators/cmake)
[0.788s] -- Found geometry_msgs: 4.2.3 (/opt/ros/humble/share/geometry_msgs/cmake)
[0.842s] -- Found nav_msgs: 4.2.3 (/opt/ros/humble/share/nav_msgs/cmake)
[0.948s] -- Found rclpy: 3.3.11 (/opt/ros/humble/share/rclpy/cmake)
[0.948s] -- Found tf2: 0.25.5 (/opt/ros/humble/share/tf2/cmake)
[1.267s] -- Found ament_cmake_ros: 0.10.0 (/opt/ros/humble/share/ament_cmake_ros/cmake)
[1.718s] -- Using all available rosidl_typesupport_c: rosidl_typesupport_fastrtps_c;rosidl_typesupport_introspection_c
[1.898s] -- Using all available rosidl_typesupport_cpp: rosidl_typesupport_fastrtps_cpp;rosidl_typesupport_introspection_cpp
[1.919s] -- Found python_cmake_module: 0.10.0 (/opt/ros/humble/share/python_cmake_module/cmake)
[1.940s] -- Using PYTHON_EXECUTABLE: /usr/bin/python3
[1.940s] -- Using PYTHON_INCLUDE_DIRS: /usr/include/python3.10
[1.940s] -- Using PYTHON_LIBRARIES: /usr/lib/x86_64-linux-gnu/libpython3.10.so
[2.008s] -- Configuring done
[2.071s] -- Generating done
[2.076s] -- Build files have been written to: /home/user/ros2_ws/src/build/roboclaw_ros2
[2.105s] [35m[1mConsolidate compiler generated dependencies of target roboclaw_ros2__rosidl_generator_c[0m
[2.109s] [35m[1mConsolidate compiler generated dependencies of target roboclaw_driver[0m
[2.120s] [  2%] Built target roboclaw_ros2__cpp
[2.124s] [ 10%] Built target roboclaw_ros2__rosidl_generator_c
[2.133s] [ 10%] Built target ament_cmake_python_copy_roboclaw_ros2
[2.136s] [35m[1mConsolidate compiler generated dependencies of target roboclaw_ros2__rosidl_typesupport_fastrtps_cpp[0m
[2.140s] [35m[1mConsolidate compiler generated dependencies of target roboclaw_ros2__rosidl_typesupport_cpp[0m
[2.141s] [35m[1mConsolidate compiler generated dependencies of target roboclaw_ros2__rosidl_typesupport_introspection_cpp[0m
[2.143s] [35m[1mConsolidate compiler generated dependencies of target roboclaw_ros2__rosidl_typesupport_c[0m
[2.143s] [35m[1mConsolidate compiler generated dependencies of target roboclaw_ros2__rosidl_typesupport_introspection_c[0m
[2.144s] [35m[1mConsolidate compiler generated dependencies of target roboclaw_ros2__rosidl_typesupport_fastrtps_c[0m
[2.162s] [ 18%] Built target roboclaw_ros2__rosidl_typesupport_fastrtps_cpp
[2.163s] [ 26%] Built target roboclaw_ros2__rosidl_typesupport_c
[2.166s] [ 34%] Built target roboclaw_ros2__rosidl_typesupport_introspection_c
[2.167s] [ 42%] Built target roboclaw_ros2__rosidl_typesupport_cpp
[2.169s] [ 50%] Built target roboclaw_ros2__rosidl_typesupport_introspection_cpp
[2.171s] [ 58%] Built target roboclaw_ros2__rosidl_typesupport_fastrtps_c
[2.172s] [ 64%] Built target roboclaw_driver
[2.192s] [ 66%] [32mBuilding CXX object CMakeFiles/diffdrive_roscore.dir/src/diffdrive_roscore.cpp.o[0m
[2.198s] [ 68%] [32mBuilding CXX object CMakeFiles/roboclaw_roscore.dir/src/roboclaw_roscore.cpp.o[0m
[2.202s] [ 68%] Built target roboclaw_ros2
[2.226s] [ 70%] Built target roboclaw_ros2__py
[2.237s] [35m[1mConsolidate compiler generated dependencies of target roboclaw_ros2__rosidl_generator_py[0m
[2.256s] [ 76%] Built target roboclaw_ros2__rosidl_generator_py
[2.269s] [35m[1mConsolidate compiler generated dependencies of target roboclaw_ros2__rosidl_typesupport_fastrtps_c__pyext[0m
[2.270s] [35m[1mConsolidate compiler generated dependencies of target roboclaw_ros2__rosidl_typesupport_introspection_c__pyext[0m
[2.274s] [35m[1mConsolidate compiler generated dependencies of target roboclaw_ros2__rosidl_typesupport_c__pyext[0m
[2.289s] [ 80%] Built target roboclaw_ros2__rosidl_typesupport_introspection_c__pyext
[2.290s] [ 84%] Built target roboclaw_ros2__rosidl_typesupport_fastrtps_c__pyext
[2.298s] [ 88%] Built target roboclaw_ros2__rosidl_typesupport_c__pyext
[2.536s] running egg_info
[2.538s] writing roboclaw_ros2.egg-info/PKG-INFO
[2.538s] writing dependency_links to roboclaw_ros2.egg-info/dependency_links.txt
[2.538s] writing top-level names to roboclaw_ros2.egg-info/top_level.txt
[2.542s] reading manifest file 'roboclaw_ros2.egg-info/SOURCES.txt'
[2.543s] writing manifest file 'roboclaw_ros2.egg-info/SOURCES.txt'
[2.569s] [ 88%] Built target ament_cmake_python_build_roboclaw_ros2_egg
[2.576s] In file included from [01m[K/home/user/ros2_ws/src/roboclaw_ros2/src/diffdrive_roscore.cpp:28[m[K:
[2.576s] [01m[K/home/user/ros2_ws/src/roboclaw_ros2/include/diffdrive_roscore.h:32:10:[m[K [01;31m[Kfatal error: [m[Kroboclaw_ros2/msg/RoboclawEncoderSteps.hpp: No such file or directory
[2.576s]    32 | #include [01;31m[K"roboclaw_ros2/msg/RoboclawEncoderSteps.hpp"[m[K
[2.576s]       |          [01;31m[K^~~~~~~~~~~~~~~~~~~~~~~~~~~~~~~~~~~~~~~~~~~~[m[K
[2.576s] compilation terminated.
[2.579s] gmake[2]: *** [CMakeFiles/diffdrive_roscore.dir/build.make:76: CMakeFiles/diffdrive_roscore.dir/src/diffdrive_roscore.cpp.o] Error 1
[2.579s] gmake[1]: *** [CMakeFiles/Makefile2:684: CMakeFiles/diffdrive_roscore.dir/all] Error 2
[2.579s] gmake[1]: *** Waiting for unfinished jobs....
[3.230s] In file included from [01m[K/home/user/ros2_ws/src/roboclaw_ros2/src/roboclaw_roscore.cpp:24[m[K:
[3.230s] [01m[K/home/user/ros2_ws/src/roboclaw_ros2/include/roboclaw_roscore.h:34:10:[m[K [01;31m[Kfatal error: [m[Kroboclaw_ros2/msg/RoboclawEncoderSteps.hpp: No such file or directory
[3.230s]    34 | #include [01;31m[K"roboclaw_ros2/msg/RoboclawEncoderSteps.hpp"[m[K
[3.230s]       |          [01;31m[K^~~~~~~~~~~~~~~~~~~~~~~~~~~~~~~~~~~~~~~~~~~~[m[K
[3.230s] compilation terminated.
[3.406s] gmake[2]: *** [CMakeFiles/roboclaw_roscore.dir/build.make:76: CMakeFiles/roboclaw_roscore.dir/src/roboclaw_roscore.cpp.o] Error 1
[3.407s] gmake[1]: *** [CMakeFiles/Makefile2:628: CMakeFiles/roboclaw_roscore.dir/all] Error 2
[3.407s] gmake: *** [Makefile:146: all] Error 2
[3.413s] Invoked command in '/home/user/ros2_ws/src/build/roboclaw_ros2' returned '2': CMAKE_PREFIX_PATH=${CMAKE_PREFIX_PATH}:/opt/ros/humble /usr/bin/cmake --build /home/user/ros2_ws/src/build/roboclaw_ros2 -- -j12 -l12
