-- The C compiler identification is GNU 11.4.0
-- The CXX compiler identification is GNU 11.4.0
-- Detecting C compiler ABI info
-- Detecting C compiler ABI info - done
-- Check for working C compiler: /usr/bin/cc - skipped
-- Detecting C compile features
-- Detecting C compile features - done
-- Detecting CXX compiler ABI info
-- Detecting CXX compiler ABI info - done
-- Check for working CXX compiler: /usr/bin/c++ - skipped
-- Detecting CXX compile features
-- Detecting CXX compile features - done
-- Found ament_cmake: 1.3.6 (/opt/ros/humble/share/ament_cmake/cmake)
-- Found Python3: /usr/bin/python3.10 (found version "3.10.12") found components: Interpreter 
-- Found rclcpp: 16.0.7 (/opt/ros/humble/share/rclcpp/cmake)
-- Found rosidl_generator_c: 3.1.5 (/opt/ros/humble/share/rosidl_generator_c/cmake)
-- Found rosidl_adapter: 3.1.5 (/opt/ros/humble/share/rosidl_adapter/cmake)
-- Found rosidl_generator_cpp: 3.1.5 (/opt/ros/humble/share/rosidl_generator_cpp/cmake)
-- Using all available rosidl_typesupport_c: rosidl_typesupport_fastrtps_c;rosidl_typesupport_introspection_c
-- Using all available rosidl_typesupport_cpp: rosidl_typesupport_fastrtps_cpp;rosidl_typesupport_introspection_cpp
-- Found rmw_implementation_cmake: 6.1.1 (/opt/ros/humble/share/rmw_implementation_cmake/cmake)
-- Found rmw_fastrtps_cpp: 6.2.5 (/opt/ros/humble/share/rmw_fastrtps_cpp/cmake)
-- Found OpenSSL: /usr/lib/x86_64-linux-gnu/libcrypto.so (found version "3.0.2")  
-- Found FastRTPS: /opt/ros/humble/include  
-- Using RMW implementation 'rmw_fastrtps_cpp' as default
-- Looking for pthread.h
-- Looking for pthread.h - found
-- Performing Test CMAKE_HAVE_LIBC_PTHREAD
-- Performing Test CMAKE_HAVE_LIBC_PTHREAD - Success
-- Found Threads: TRUE  
-- Found rosidl_default_generators: 1.2.0 (/opt/ros/humble/share/rosidl_default_generators/cmake)
-- Found geometry_msgs: 4.2.3 (/opt/ros/humble/share/geometry_msgs/cmake)
-- Found nav_msgs: 4.2.3 (/opt/ros/humble/share/nav_msgs/cmake)
-- Found rclpy: 3.3.11 (/opt/ros/humble/share/rclpy/cmake)
-- Found tf2: 0.25.5 (/opt/ros/humble/share/tf2/cmake)
-- Found Boost: /usr/lib/x86_64-linux-gnu/cmake/Boost-1.74.0/BoostConfig.cmake (found version "1.74.0") found components: system 
-- Found ament_cmake_ros: 0.10.0 (/opt/ros/humble/share/ament_cmake_ros/cmake)
-- Using all available rosidl_typesupport_c: rosidl_typesupport_fastrtps_c;rosidl_typesupport_introspection_c
-- Using all available rosidl_typesupport_cpp: rosidl_typesupport_fastrtps_cpp;rosidl_typesupport_introspection_cpp
-- Found PythonInterp: /usr/bin/python3 (found suitable version "3.10.12", minimum required is "3.6") 
-- Found python_cmake_module: 0.10.0 (/opt/ros/humble/share/python_cmake_module/cmake)
-- Found PythonLibs: /usr/lib/x86_64-linux-gnu/libpython3.10.so (found suitable version "3.10.12", minimum required is "3.5") 
-- Using PYTHON_EXECUTABLE: /usr/bin/python3
-- Using PYTHON_INCLUDE_DIRS: /usr/include/python3.10
-- Using PYTHON_LIBRARIES: /usr/lib/x86_64-linux-gnu/libpython3.10.so
-- Found PythonExtra: .so  
-- Configuring done
-- Generating done
-- Build files have been written to: /home/user/ros2_ws/src/build/roboclaw_ros2
[  2%] [34m[1mGenerating C code for ROS interfaces[0m
[  6%] [32mBuilding CXX object CMakeFiles/roboclaw_driver.dir/src/TimeoutSerial.cpp.o[0m
[  6%] [32mBuilding CXX object CMakeFiles/roboclaw_driver.dir/src/roboclaw_driver.cpp.o[0m
[  8%] [34m[1mGenerating C++ code for ROS interfaces[0m
[  8%] Built target ament_cmake_python_copy_roboclaw_ros2
running egg_info
creating roboclaw_ros2.egg-info
writing roboclaw_ros2.egg-info/PKG-INFO
writing dependency_links to roboclaw_ros2.egg-info/dependency_links.txt
writing top-level names to roboclaw_ros2.egg-info/top_level.txt
writing manifest file 'roboclaw_ros2.egg-info/SOURCES.txt'
reading manifest file 'roboclaw_ros2.egg-info/SOURCES.txt'
writing manifest file 'roboclaw_ros2.egg-info/SOURCES.txt'
[  8%] Built target ament_cmake_python_build_roboclaw_ros2_egg
[  8%] Built target roboclaw_ros2__cpp
[ 10%] [32mBuilding C object CMakeFiles/roboclaw_ros2__rosidl_generator_c.dir/rosidl_generator_c/roboclaw_ros2/msg/detail/roboclaw_encoder_steps__functions.c.o[0m
[ 12%] [32mBuilding C object CMakeFiles/roboclaw_ros2__rosidl_generator_c.dir/rosidl_generator_c/roboclaw_ros2/msg/detail/roboclaw_motor_velocity__functions.c.o[0m
[ 14%] [34m[1mGenerating C++ type support dispatch for ROS interfaces[0m
[ 16%] [34m[1mGenerating C++ type support for eProsima Fast-RTPS[0m
[ 18%] [34m[1mGenerating C++ introspection for ROS interfaces[0m
[ 20%] [32m[1mLinking C shared library libroboclaw_ros2__rosidl_generator_c.so[0m
[ 20%] Built target roboclaw_ros2__rosidl_generator_c
[ 26%] [34m[1mGenerating C type support for eProsima Fast-RTPS[0m
[ 26%] [34m[1mGenerating C introspection for ROS interfaces[0m
[ 26%] [34m[1mGenerating C type support dispatch for ROS interfaces[0m
[ 28%] [32mBuilding CXX object CMakeFiles/roboclaw_ros2__rosidl_typesupport_cpp.dir/rosidl_typesupport_cpp/roboclaw_ros2/msg/roboclaw_motor_velocity__type_support.cpp.o[0m
[ 30%] [32mBuilding CXX object CMakeFiles/roboclaw_ros2__rosidl_typesupport_cpp.dir/rosidl_typesupport_cpp/roboclaw_ros2/msg/roboclaw_encoder_steps__type_support.cpp.o[0m
[ 32%] [32mBuilding CXX object CMakeFiles/roboclaw_ros2__rosidl_typesupport_introspection_cpp.dir/rosidl_typesupport_introspection_cpp/roboclaw_ros2/msg/detail/roboclaw_motor_velocity__type_support.cpp.o[0m
[ 34%] [32mBuilding CXX object CMakeFiles/roboclaw_ros2__rosidl_typesupport_introspection_cpp.dir/rosidl_typesupport_introspection_cpp/roboclaw_ros2/msg/detail/roboclaw_encoder_steps__type_support.cpp.o[0m
[ 36%] [32mBuilding CXX object CMakeFiles/roboclaw_ros2__rosidl_typesupport_fastrtps_cpp.dir/rosidl_typesupport_fastrtps_cpp/roboclaw_ros2/msg/detail/dds_fastrtps/roboclaw_motor_velocity__type_support.cpp.o[0m
[ 38%] [32mBuilding CXX object CMakeFiles/roboclaw_ros2__rosidl_typesupport_fastrtps_cpp.dir/rosidl_typesupport_fastrtps_cpp/roboclaw_ros2/msg/detail/dds_fastrtps/roboclaw_encoder_steps__type_support.cpp.o[0m
[ 40%] [32mBuilding CXX object CMakeFiles/roboclaw_ros2__rosidl_typesupport_c.dir/rosidl_typesupport_c/roboclaw_ros2/msg/roboclaw_motor_velocity__type_support.cpp.o[0m
[ 42%] [32mBuilding CXX object CMakeFiles/roboclaw_ros2__rosidl_typesupport_c.dir/rosidl_typesupport_c/roboclaw_ros2/msg/roboclaw_encoder_steps__type_support.cpp.o[0m
[ 44%] [32mBuilding CXX object CMakeFiles/roboclaw_ros2__rosidl_typesupport_fastrtps_c.dir/rosidl_typesupport_fastrtps_c/roboclaw_ros2/msg/detail/roboclaw_motor_velocity__type_support_c.cpp.o[0m
[ 46%] [32mBuilding C object CMakeFiles/roboclaw_ros2__rosidl_typesupport_introspection_c.dir/rosidl_typesupport_introspection_c/roboclaw_ros2/msg/detail/roboclaw_motor_velocity__type_support.c.o[0m
[ 48%] [32mBuilding CXX object CMakeFiles/roboclaw_ros2__rosidl_typesupport_fastrtps_c.dir/rosidl_typesupport_fastrtps_c/roboclaw_ros2/msg/detail/roboclaw_encoder_steps__type_support_c.cpp.o[0m
[ 50%] [32m[1mLinking CXX shared library libroboclaw_ros2__rosidl_typesupport_c.so[0m
[ 50%] Built target roboclaw_ros2__rosidl_typesupport_c
[ 52%] [32mBuilding C object CMakeFiles/roboclaw_ros2__rosidl_typesupport_introspection_c.dir/rosidl_typesupport_introspection_c/roboclaw_ros2/msg/detail/roboclaw_encoder_steps__type_support.c.o[0m
[ 54%] [32m[1mLinking CXX shared library libroboclaw_ros2__rosidl_typesupport_cpp.so[0m
[ 56%] [32m[1mLinking C shared library libroboclaw_ros2__rosidl_typesupport_introspection_c.so[0m
[ 56%] Built target roboclaw_ros2__rosidl_typesupport_introspection_c
[ 56%] Built target roboclaw_ros2__rosidl_typesupport_cpp
[ 58%] [32mBuilding CXX object CMakeFiles/diffdrive_roscore.dir/src/diffdrive_roscore.cpp.o[0m
[ 60%] [32m[1mLinking CXX shared library libroboclaw_ros2__rosidl_typesupport_fastrtps_cpp.so[0m
[ 62%] [32m[1mLinking CXX shared library libroboclaw_ros2__rosidl_typesupport_introspection_cpp.so[0m
[ 62%] Built target roboclaw_ros2__rosidl_typesupport_introspection_cpp
[ 64%] [32m[1mLinking CXX shared library libroboclaw_ros2__rosidl_typesupport_fastrtps_c.so[0m
[ 64%] Built target roboclaw_ros2__rosidl_typesupport_fastrtps_cpp
[ 64%] Built target roboclaw_ros2__rosidl_typesupport_fastrtps_c
In file included from [01m[K/home/user/ros2_ws/src/roboclaw_ros2/src/diffdrive_roscore.cpp:28[m[K:
[01m[K/home/user/ros2_ws/src/roboclaw_ros2/include/diffdrive_roscore.h:32:10:[m[K [01;31m[Kfatal error: [m[Kroboclaw_ros2/msg/RoboclawEncoderSteps.hpp: No such file or directory
   32 | #include [01;31m[K"roboclaw_ros2/msg/RoboclawEncoderSteps.hpp"[m[K
      |          [01;31m[K^~~~~~~~~~~~~~~~~~~~~~~~~~~~~~~~~~~~~~~~~~~~[m[K
compilation terminated.
gmake[2]: *** [CMakeFiles/diffdrive_roscore.dir/build.make:76: CMakeFiles/diffdrive_roscore.dir/src/diffdrive_roscore.cpp.o] Error 1
gmake[1]: *** [CMakeFiles/Makefile2:684: CMakeFiles/diffdrive_roscore.dir/all] Error 2
gmake[1]: *** Waiting for unfinished jobs....
[ 64%] Built target roboclaw_ros2
In file included from [01m[K/usr/include/boost/smart_ptr/detail/sp_thread_sleep.hpp:22[m[K,
                 from [01m[K/usr/include/boost/smart_ptr/detail/yield_k.hpp:23[m[K,
                 from [01m[K/usr/include/boost/smart_ptr/detail/spinlock_gcc_atomic.hpp:14[m[K,
                 from [01m[K/usr/include/boost/smart_ptr/detail/spinlock.hpp:42[m[K,
                 from [01m[K/usr/include/boost/smart_ptr/detail/spinlock_pool.hpp:25[m[K,
                 from [01m[K/usr/include/boost/smart_ptr/shared_ptr.hpp:29[m[K,
                 from [01m[K/usr/include/boost/shared_ptr.hpp:17[m[K,
                 from [01m[K/usr/include/boost/date_time/time_clock.hpp:17[m[K,
                 from [01m[K/usr/include/boost/thread/thread_time.hpp:9[m[K,
                 from [01m[K/usr/include/boost/thread/lock_types.hpp:18[m[K,
                 from [01m[K/usr/include/boost/thread/pthread/mutex.hpp:16[m[K,
                 from [01m[K/usr/include/boost/thread/mutex.hpp:16[m[K,
                 from [01m[K/home/user/ros2_ws/src/roboclaw_ros2/include/roboclaw_driver.h:31[m[K,
                 from [01m[K/home/user/ros2_ws/src/roboclaw_ros2/src/roboclaw_driver.cpp:24[m[K:
[01m[K/usr/include/boost/bind.hpp:36:1:[m[K [01;36m[Knote: [m[Kâ€˜[01m[K#pragma message: The practice of declaring the Bind placeholders (_1, _2, ...) in the global namespace is deprecated. Please use <boost/bind/bind.hpp> + using namespace boost::placeholders, or define BOOST_BIND_GLOBAL_PLACEHOLDERS to retain the current behavior.[m[Kâ€™
   36 | [01;36m[KBOOST_PRAGMA_MESSAGE[m[K(
      | [01;36m[K^~~~~~~~~~~~~~~~~~~~[m[K
In file included from [01m[K/usr/include/boost/smart_ptr/detail/sp_thread_sleep.hpp:22[m[K,
                 from [01m[K/usr/include/boost/smart_ptr/detail/yield_k.hpp:23[m[K,
                 from [01m[K/usr/include/boost/smart_ptr/detail/spinlock_gcc_atomic.hpp:14[m[K,
                 from [01m[K/usr/include/boost/smart_ptr/detail/spinlock.hpp:42[m[K,
                 from [01m[K/usr/include/boost/smart_ptr/detail/spinlock_pool.hpp:25[m[K,
                 from [01m[K/usr/include/boost/smart_ptr/shared_ptr.hpp:29[m[K,
                 from [01m[K/usr/include/boost/shared_ptr.hpp:17[m[K,
                 from [01m[K/usr/include/boost/date_time/time_clock.hpp:17[m[K,
                 from [01m[K/usr/include/boost/date_time/posix_time/posix_time_types.hpp:10[m[K,
                 from [01m[K/usr/include/boost/asio/time_traits.hpp:23[m[K,
                 from [01m[K/usr/include/boost/asio/detail/timer_queue_ptime.hpp:22[m[K,
                 from [01m[K/usr/include/boost/asio/detail/deadline_timer_service.hpp:29[m[K,
                 from [01m[K/usr/include/boost/asio/basic_deadline_timer.hpp:25[m[K,
                 from [01m[K/usr/include/boost/asio.hpp:25[m[K,
                 from [01m[K/home/user/ros2_ws/src/roboclaw_ros2/include/TimeoutSerial.h:14[m[K,
                 from [01m[K/home/user/ros2_ws/src/roboclaw_ros2/src/TimeoutSerial.cpp:22[m[K:
[01m[K/usr/include/boost/bind.hpp:36:1:[m[K [01;36m[Knote: [m[Kâ€˜[01m[K#pragma message: The practice of declaring the Bind placeholders (_1, _2, ...) in the global namespace is deprecated. Please use <boost/bind/bind.hpp> + using namespace boost::placeholders, or define BOOST_BIND_GLOBAL_PLACEHOLDERS to retain the current behavior.[m[Kâ€™
   36 | [01;36m[KBOOST_PRAGMA_MESSAGE[m[K(
      | [01;36m[K^~~~~~~~~~~~~~~~~~~~[m[K
[ 66%] [32m[1mLinking CXX static library libroboclaw_driver.a[0m
[ 66%] Built target roboclaw_driver
gmake: *** [Makefile:146: all] Error 2
