[0.069s] Invoking command in '/home/user/ros2_ws/src/build/roboclaw_ros2': CMAKE_PREFIX_PATH=${CMAKE_PREFIX_PATH}:/opt/ros/humble /usr/bin/cmake /home/user/ros2_ws/src/roboclaw_ros2 -DCMAKE_INSTALL_PREFIX=/home/user/ros2_ws/src/install/roboclaw_ros2
[0.119s] -- The C compiler identification is GNU 11.4.0
[0.178s] -- The CXX compiler identification is GNU 11.4.0
[0.187s] -- Detecting C compiler ABI info
[0.252s] -- Detecting C compiler ABI info - done
[0.266s] -- Check for working C compiler: /usr/bin/cc - skipped
[0.267s] -- Detecting C compile features
[0.267s] -- Detecting C compile features - done
[0.271s] -- Detecting CXX compiler ABI info
[0.354s] -- Detecting CXX compiler ABI info - done
[0.373s] -- Check for working CXX compiler: /usr/bin/c++ - skipped
[0.373s] -- Detecting CXX compile features
[0.374s] -- Detecting CXX compile features - done
[0.378s] -- Found ament_cmake: 1.3.6 (/opt/ros/humble/share/ament_cmake/cmake)
[0.569s] -- Found Python3: /usr/bin/python3.10 (found version "3.10.12") found components: Interpreter 
[0.664s] -- Found rclcpp: 16.0.7 (/opt/ros/humble/share/rclcpp/cmake)
[0.718s] -- Found rosidl_generator_c: 3.1.5 (/opt/ros/humble/share/rosidl_generator_c/cmake)
[0.724s] -- Found rosidl_adapter: 3.1.5 (/opt/ros/humble/share/rosidl_adapter/cmake)
[0.736s] -- Found rosidl_generator_cpp: 3.1.5 (/opt/ros/humble/share/rosidl_generator_cpp/cmake)
[0.754s] -- Using all available rosidl_typesupport_c: rosidl_typesupport_fastrtps_c;rosidl_typesupport_introspection_c
[0.780s] -- Using all available rosidl_typesupport_cpp: rosidl_typesupport_fastrtps_cpp;rosidl_typesupport_introspection_cpp
[0.874s] -- Found rmw_implementation_cmake: 6.1.1 (/opt/ros/humble/share/rmw_implementation_cmake/cmake)
[0.878s] -- Found rmw_fastrtps_cpp: 6.2.5 (/opt/ros/humble/share/rmw_fastrtps_cpp/cmake)
[0.995s] -- Found OpenSSL: /usr/lib/x86_64-linux-gnu/libcrypto.so (found version "3.0.2")  
[1.027s] -- Found FastRTPS: /opt/ros/humble/include  
[1.085s] -- Using RMW implementation 'rmw_fastrtps_cpp' as default
[1.098s] -- Looking for pthread.h
[1.166s] -- Looking for pthread.h - found
[1.166s] -- Performing Test CMAKE_HAVE_LIBC_PTHREAD
[1.254s] -- Performing Test CMAKE_HAVE_LIBC_PTHREAD - Success
[1.255s] -- Found Threads: TRUE  
[1.509s] -- Found rosidl_default_generators: 1.2.0 (/opt/ros/humble/share/rosidl_default_generators/cmake)
[1.522s] -- Found geometry_msgs: 4.2.3 (/opt/ros/humble/share/geometry_msgs/cmake)
[1.586s] -- Found nav_msgs: 4.2.3 (/opt/ros/humble/share/nav_msgs/cmake)
[1.708s] -- Found rclpy: 3.3.11 (/opt/ros/humble/share/rclpy/cmake)
[1.710s] -- Found tf2: 0.25.5 (/opt/ros/humble/share/tf2/cmake)
[1.743s] -- Found Boost: /usr/lib/x86_64-linux-gnu/cmake/Boost-1.74.0/BoostConfig.cmake (found version "1.74.0") found components: system 
[2.068s] -- Found ament_cmake_ros: 0.10.0 (/opt/ros/humble/share/ament_cmake_ros/cmake)
[2.556s] -- Using all available rosidl_typesupport_c: rosidl_typesupport_fastrtps_c;rosidl_typesupport_introspection_c
[2.747s] -- Using all available rosidl_typesupport_cpp: rosidl_typesupport_fastrtps_cpp;rosidl_typesupport_introspection_cpp
[2.769s] -- Found PythonInterp: /usr/bin/python3 (found suitable version "3.10.12", minimum required is "3.6") 
[2.771s] -- Found python_cmake_module: 0.10.0 (/opt/ros/humble/share/python_cmake_module/cmake)
[2.795s] -- Found PythonLibs: /usr/lib/x86_64-linux-gnu/libpython3.10.so (found suitable version "3.10.12", minimum required is "3.5") 
[2.795s] -- Using PYTHON_EXECUTABLE: /usr/bin/python3
[2.795s] -- Using PYTHON_INCLUDE_DIRS: /usr/include/python3.10
[2.796s] -- Using PYTHON_LIBRARIES: /usr/lib/x86_64-linux-gnu/libpython3.10.so
[2.817s] -- Found PythonExtra: .so  
[2.909s] -- Configuring done
[2.975s] -- Generating done
[2.979s] -- Build files have been written to: /home/user/ros2_ws/src/build/roboclaw_ros2
[2.992s] Invoked command in '/home/user/ros2_ws/src/build/roboclaw_ros2' returned '0': CMAKE_PREFIX_PATH=${CMAKE_PREFIX_PATH}:/opt/ros/humble /usr/bin/cmake /home/user/ros2_ws/src/roboclaw_ros2 -DCMAKE_INSTALL_PREFIX=/home/user/ros2_ws/src/install/roboclaw_ros2
[2.993s] Invoking command in '/home/user/ros2_ws/src/build/roboclaw_ros2': CMAKE_PREFIX_PATH=${CMAKE_PREFIX_PATH}:/opt/ros/humble /usr/bin/cmake --build /home/user/ros2_ws/src/build/roboclaw_ros2 -- -j12 -l12
[3.035s] [  2%] [34m[1mGenerating C code for ROS interfaces[0m
[3.045s] [  6%] [32mBuilding CXX object CMakeFiles/roboclaw_driver.dir/src/TimeoutSerial.cpp.o[0m
[3.045s] [  6%] [32mBuilding CXX object CMakeFiles/roboclaw_driver.dir/src/roboclaw_driver.cpp.o[0m
[3.045s] [  8%] [34m[1mGenerating C++ code for ROS interfaces[0m
[3.057s] [  8%] Built target ament_cmake_python_copy_roboclaw_ros2
[3.488s] running egg_info
[3.489s] creating roboclaw_ros2.egg-info
[3.490s] writing roboclaw_ros2.egg-info/PKG-INFO
[3.490s] writing dependency_links to roboclaw_ros2.egg-info/dependency_links.txt
[3.490s] writing top-level names to roboclaw_ros2.egg-info/top_level.txt
[3.491s] writing manifest file 'roboclaw_ros2.egg-info/SOURCES.txt'
[3.495s] reading manifest file 'roboclaw_ros2.egg-info/SOURCES.txt'
[3.496s] writing manifest file 'roboclaw_ros2.egg-info/SOURCES.txt'
[3.526s] [  8%] Built target ament_cmake_python_build_roboclaw_ros2_egg
[3.696s] [  8%] Built target roboclaw_ros2__cpp
[3.704s] [ 10%] [32mBuilding C object CMakeFiles/roboclaw_ros2__rosidl_generator_c.dir/rosidl_generator_c/roboclaw_ros2/msg/detail/roboclaw_encoder_steps__functions.c.o[0m
[3.705s] [ 12%] [32mBuilding C object CMakeFiles/roboclaw_ros2__rosidl_generator_c.dir/rosidl_generator_c/roboclaw_ros2/msg/detail/roboclaw_motor_velocity__functions.c.o[0m
[3.709s] [ 14%] [34m[1mGenerating C++ type support dispatch for ROS interfaces[0m
[3.712s] [ 16%] [34m[1mGenerating C++ type support for eProsima Fast-RTPS[0m
[3.713s] [ 18%] [34m[1mGenerating C++ introspection for ROS interfaces[0m
[3.824s] [ 20%] [32m[1mLinking C shared library libroboclaw_ros2__rosidl_generator_c.so[0m
[3.895s] [ 20%] Built target roboclaw_ros2__rosidl_generator_c
[3.915s] [ 26%] [34m[1mGenerating C type support for eProsima Fast-RTPS[0m
[3.915s] [ 26%] [34m[1mGenerating C introspection for ROS interfaces[0m
[3.915s] [ 26%] [34m[1mGenerating C type support dispatch for ROS interfaces[0m
[4.277s] [ 28%] [32mBuilding CXX object CMakeFiles/roboclaw_ros2__rosidl_typesupport_cpp.dir/rosidl_typesupport_cpp/roboclaw_ros2/msg/roboclaw_motor_velocity__type_support.cpp.o[0m
[4.284s] [ 30%] [32mBuilding CXX object CMakeFiles/roboclaw_ros2__rosidl_typesupport_cpp.dir/rosidl_typesupport_cpp/roboclaw_ros2/msg/roboclaw_encoder_steps__type_support.cpp.o[0m
[4.486s] [ 32%] [32mBuilding CXX object CMakeFiles/roboclaw_ros2__rosidl_typesupport_introspection_cpp.dir/rosidl_typesupport_introspection_cpp/roboclaw_ros2/msg/detail/roboclaw_motor_velocity__type_support.cpp.o[0m
[4.492s] [ 34%] [32mBuilding CXX object CMakeFiles/roboclaw_ros2__rosidl_typesupport_introspection_cpp.dir/rosidl_typesupport_introspection_cpp/roboclaw_ros2/msg/detail/roboclaw_encoder_steps__type_support.cpp.o[0m
[4.509s] [ 36%] [32mBuilding CXX object CMakeFiles/roboclaw_ros2__rosidl_typesupport_fastrtps_cpp.dir/rosidl_typesupport_fastrtps_cpp/roboclaw_ros2/msg/detail/dds_fastrtps/roboclaw_motor_velocity__type_support.cpp.o[0m
[4.511s] [ 38%] [32mBuilding CXX object CMakeFiles/roboclaw_ros2__rosidl_typesupport_fastrtps_cpp.dir/rosidl_typesupport_fastrtps_cpp/roboclaw_ros2/msg/detail/dds_fastrtps/roboclaw_encoder_steps__type_support.cpp.o[0m
[4.689s] [ 40%] [32mBuilding CXX object CMakeFiles/roboclaw_ros2__rosidl_typesupport_c.dir/rosidl_typesupport_c/roboclaw_ros2/msg/roboclaw_motor_velocity__type_support.cpp.o[0m
[4.718s] [ 42%] [32mBuilding CXX object CMakeFiles/roboclaw_ros2__rosidl_typesupport_c.dir/rosidl_typesupport_c/roboclaw_ros2/msg/roboclaw_encoder_steps__type_support.cpp.o[0m
[4.765s] [ 44%] [32mBuilding CXX object CMakeFiles/roboclaw_ros2__rosidl_typesupport_fastrtps_c.dir/rosidl_typesupport_fastrtps_c/roboclaw_ros2/msg/detail/roboclaw_motor_velocity__type_support_c.cpp.o[0m
[4.770s] [ 46%] [32mBuilding C object CMakeFiles/roboclaw_ros2__rosidl_typesupport_introspection_c.dir/rosidl_typesupport_introspection_c/roboclaw_ros2/msg/detail/roboclaw_motor_velocity__type_support.c.o[0m
[4.782s] [ 48%] [32mBuilding CXX object CMakeFiles/roboclaw_ros2__rosidl_typesupport_fastrtps_c.dir/rosidl_typesupport_fastrtps_c/roboclaw_ros2/msg/detail/roboclaw_encoder_steps__type_support_c.cpp.o[0m
[4.806s] [ 50%] [32m[1mLinking CXX shared library libroboclaw_ros2__rosidl_typesupport_c.so[0m
[4.921s] [ 50%] Built target roboclaw_ros2__rosidl_typesupport_c
[4.926s] [ 52%] [32mBuilding C object CMakeFiles/roboclaw_ros2__rosidl_typesupport_introspection_c.dir/rosidl_typesupport_introspection_c/roboclaw_ros2/msg/detail/roboclaw_encoder_steps__type_support.c.o[0m
[4.946s] [ 54%] [32m[1mLinking CXX shared library libroboclaw_ros2__rosidl_typesupport_cpp.so[0m
[5.003s] [ 56%] [32m[1mLinking C shared library libroboclaw_ros2__rosidl_typesupport_introspection_c.so[0m
[5.070s] [ 56%] Built target roboclaw_ros2__rosidl_typesupport_introspection_c
[5.080s] [ 56%] Built target roboclaw_ros2__rosidl_typesupport_cpp
[5.128s] [ 58%] [32mBuilding CXX object CMakeFiles/diffdrive_roscore.dir/src/diffdrive_roscore.cpp.o[0m
[5.477s] [ 60%] [32m[1mLinking CXX shared library libroboclaw_ros2__rosidl_typesupport_fastrtps_cpp.so[0m
[5.481s] [ 62%] [32m[1mLinking CXX shared library libroboclaw_ros2__rosidl_typesupport_introspection_cpp.so[0m
[5.565s] [ 62%] Built target roboclaw_ros2__rosidl_typesupport_introspection_cpp
[5.579s] [ 64%] [32m[1mLinking CXX shared library libroboclaw_ros2__rosidl_typesupport_fastrtps_c.so[0m
[5.635s] [ 64%] Built target roboclaw_ros2__rosidl_typesupport_fastrtps_cpp
[5.702s] [ 64%] Built target roboclaw_ros2__rosidl_typesupport_fastrtps_c
[5.722s] In file included from [01m[K/home/user/ros2_ws/src/roboclaw_ros2/src/diffdrive_roscore.cpp:28[m[K:
[5.722s] [01m[K/home/user/ros2_ws/src/roboclaw_ros2/include/diffdrive_roscore.h:32:10:[m[K [01;31m[Kfatal error: [m[Kroboclaw_ros2/msg/RoboclawEncoderSteps.hpp: No such file or directory
[5.722s]    32 | #include [01;31m[K"roboclaw_ros2/msg/RoboclawEncoderSteps.hpp"[m[K
[5.722s]       |          [01;31m[K^~~~~~~~~~~~~~~~~~~~~~~~~~~~~~~~~~~~~~~~~~~~[m[K
[5.723s] compilation terminated.
[5.726s] gmake[2]: *** [CMakeFiles/diffdrive_roscore.dir/build.make:76: CMakeFiles/diffdrive_roscore.dir/src/diffdrive_roscore.cpp.o] Error 1
[5.726s] gmake[1]: *** [CMakeFiles/Makefile2:684: CMakeFiles/diffdrive_roscore.dir/all] Error 2
[5.726s] gmake[1]: *** Waiting for unfinished jobs....
[5.732s] [ 64%] Built target roboclaw_ros2
[6.202s] In file included from [01m[K/usr/include/boost/smart_ptr/detail/sp_thread_sleep.hpp:22[m[K,
[6.202s]                  from [01m[K/usr/include/boost/smart_ptr/detail/yield_k.hpp:23[m[K,
[6.202s]                  from [01m[K/usr/include/boost/smart_ptr/detail/spinlock_gcc_atomic.hpp:14[m[K,
[6.202s]                  from [01m[K/usr/include/boost/smart_ptr/detail/spinlock.hpp:42[m[K,
[6.202s]                  from [01m[K/usr/include/boost/smart_ptr/detail/spinlock_pool.hpp:25[m[K,
[6.202s]                  from [01m[K/usr/include/boost/smart_ptr/shared_ptr.hpp:29[m[K,
[6.202s]                  from [01m[K/usr/include/boost/shared_ptr.hpp:17[m[K,
[6.203s]                  from [01m[K/usr/include/boost/date_time/time_clock.hpp:17[m[K,
[6.203s]                  from [01m[K/usr/include/boost/thread/thread_time.hpp:9[m[K,
[6.203s]                  from [01m[K/usr/include/boost/thread/lock_types.hpp:18[m[K,
[6.203s]                  from [01m[K/usr/include/boost/thread/pthread/mutex.hpp:16[m[K,
[6.203s]                  from [01m[K/usr/include/boost/thread/mutex.hpp:16[m[K,
[6.203s]                  from [01m[K/home/user/ros2_ws/src/roboclaw_ros2/include/roboclaw_driver.h:31[m[K,
[6.203s]                  from [01m[K/home/user/ros2_ws/src/roboclaw_ros2/src/roboclaw_driver.cpp:24[m[K:
[6.203s] [01m[K/usr/include/boost/bind.hpp:36:1:[m[K [01;36m[Knote: [m[Kâ€˜[01m[K#pragma message: The practice of declaring the Bind placeholders (_1, _2, ...) in the global namespace is deprecated. Please use <boost/bind/bind.hpp> + using namespace boost::placeholders, or define BOOST_BIND_GLOBAL_PLACEHOLDERS to retain the current behavior.[m[Kâ€™
[6.204s]    36 | [01;36m[KBOOST_PRAGMA_MESSAGE[m[K(
[6.204s]       | [01;36m[K^~~~~~~~~~~~~~~~~~~~[m[K
[6.211s] In file included from [01m[K/usr/include/boost/smart_ptr/detail/sp_thread_sleep.hpp:22[m[K,
[6.211s]                  from [01m[K/usr/include/boost/smart_ptr/detail/yield_k.hpp:23[m[K,
[6.212s]                  from [01m[K/usr/include/boost/smart_ptr/detail/spinlock_gcc_atomic.hpp:14[m[K,
[6.212s]                  from [01m[K/usr/include/boost/smart_ptr/detail/spinlock.hpp:42[m[K,
[6.212s]                  from [01m[K/usr/include/boost/smart_ptr/detail/spinlock_pool.hpp:25[m[K,
[6.212s]                  from [01m[K/usr/include/boost/smart_ptr/shared_ptr.hpp:29[m[K,
[6.212s]                  from [01m[K/usr/include/boost/shared_ptr.hpp:17[m[K,
[6.212s]                  from [01m[K/usr/include/boost/date_time/time_clock.hpp:17[m[K,
[6.212s]                  from [01m[K/usr/include/boost/date_time/posix_time/posix_time_types.hpp:10[m[K,
[6.212s]                  from [01m[K/usr/include/boost/asio/time_traits.hpp:23[m[K,
[6.212s]                  from [01m[K/usr/include/boost/asio/detail/timer_queue_ptime.hpp:22[m[K,
[6.213s]                  from [01m[K/usr/include/boost/asio/detail/deadline_timer_service.hpp:29[m[K,
[6.213s]                  from [01m[K/usr/include/boost/asio/basic_deadline_timer.hpp:25[m[K,
[6.213s]                  from [01m[K/usr/include/boost/asio.hpp:25[m[K,
[6.213s]                  from [01m[K/home/user/ros2_ws/src/roboclaw_ros2/include/TimeoutSerial.h:14[m[K,
[6.213s]                  from [01m[K/home/user/ros2_ws/src/roboclaw_ros2/src/TimeoutSerial.cpp:22[m[K:
[6.213s] [01m[K/usr/include/boost/bind.hpp:36:1:[m[K [01;36m[Knote: [m[Kâ€˜[01m[K#pragma message: The practice of declaring the Bind placeholders (_1, _2, ...) in the global namespace is deprecated. Please use <boost/bind/bind.hpp> + using namespace boost::placeholders, or define BOOST_BIND_GLOBAL_PLACEHOLDERS to retain the current behavior.[m[Kâ€™
[6.213s]    36 | [01;36m[KBOOST_PRAGMA_MESSAGE[m[K(
[6.213s]       | [01;36m[K^~~~~~~~~~~~~~~~~~~~[m[K
[7.970s] [ 66%] [32m[1mLinking CXX static library libroboclaw_driver.a[0m
[8.036s] [ 66%] Built target roboclaw_driver
[8.037s] gmake: *** [Makefile:146: all] Error 2
[8.039s] Invoked command in '/home/user/ros2_ws/src/build/roboclaw_ros2' returned '2': CMAKE_PREFIX_PATH=${CMAKE_PREFIX_PATH}:/opt/ros/humble /usr/bin/cmake --build /home/user/ros2_ws/src/build/roboclaw_ros2 -- -j12 -l12
