[0.073s] Invoking command in '/home/user/ros2_ws/src/build/roboclaw_ros2': CMAKE_PREFIX_PATH=${CMAKE_PREFIX_PATH}:/opt/ros/humble /usr/bin/cmake --build /home/user/ros2_ws/src/build/roboclaw_ros2 -- -j12 -l12
[0.124s] [  2%] Built target roboclaw_ros2__cpp
[0.125s] [ 10%] Built target roboclaw_ros2__rosidl_generator_c
[0.137s] [ 10%] Built target ament_cmake_python_copy_roboclaw_ros2
[0.156s] [ 16%] Built target roboclaw_driver
[0.161s] [ 24%] Built target roboclaw_ros2__rosidl_typesupport_c
[0.163s] [ 32%] Built target roboclaw_ros2__rosidl_typesupport_introspection_c
[0.166s] [ 40%] Built target roboclaw_ros2__rosidl_typesupport_cpp
[0.166s] [ 48%] Built target roboclaw_ros2__rosidl_typesupport_introspection_cpp
[0.167s] [ 56%] Built target roboclaw_ros2__rosidl_typesupport_fastrtps_cpp
[0.167s] [ 64%] Built target roboclaw_ros2__rosidl_typesupport_fastrtps_c
[0.189s] [ 66%] [32mBuilding CXX object CMakeFiles/diffdrive_roscore.dir/src/diffdrive_roscore.cpp.o[0m
[0.189s] [ 68%] [32mBuilding CXX object CMakeFiles/roboclaw_roscore.dir/src/roboclaw_roscore.cpp.o[0m
[0.190s] [ 68%] Built target roboclaw_ros2
[0.216s] [ 70%] Built target roboclaw_ros2__py
[0.228s] [35m[1mConsolidate compiler generated dependencies of target roboclaw_ros2__rosidl_generator_py[0m
[0.250s] [ 76%] Built target roboclaw_ros2__rosidl_generator_py
[0.264s] [35m[1mConsolidate compiler generated dependencies of target roboclaw_ros2__rosidl_typesupport_fastrtps_c__pyext[0m
[0.265s] [35m[1mConsolidate compiler generated dependencies of target roboclaw_ros2__rosidl_typesupport_introspection_c__pyext[0m
[0.268s] [35m[1mConsolidate compiler generated dependencies of target roboclaw_ros2__rosidl_typesupport_c__pyext[0m
[0.285s] [ 80%] Built target roboclaw_ros2__rosidl_typesupport_introspection_c__pyext
[0.285s] [ 84%] Built target roboclaw_ros2__rosidl_typesupport_fastrtps_c__pyext
[0.289s] [ 88%] Built target roboclaw_ros2__rosidl_typesupport_c__pyext
[0.534s] running egg_info
[0.535s] writing roboclaw_ros2.egg-info/PKG-INFO
[0.536s] writing dependency_links to roboclaw_ros2.egg-info/dependency_links.txt
[0.536s] writing top-level names to roboclaw_ros2.egg-info/top_level.txt
[0.539s] reading manifest file 'roboclaw_ros2.egg-info/SOURCES.txt'
[0.539s] writing manifest file 'roboclaw_ros2.egg-info/SOURCES.txt'
[0.566s] [ 88%] Built target ament_cmake_python_build_roboclaw_ros2_egg
[0.579s] In file included from [01m[K/home/user/ros2_ws/src/roboclaw_ros2/src/diffdrive_roscore.cpp:28[m[K:
[0.579s] [01m[K/home/user/ros2_ws/src/roboclaw_ros2/include/diffdrive_roscore.h:32:10:[m[K [01;31m[Kfatal error: [m[Kroboclaw_ros2/msg/RoboclawEncoderSteps.hpp: No such file or directory
[0.579s]    32 | #include [01;31m[K"roboclaw_ros2/msg/RoboclawEncoderSteps.hpp"[m[K
[0.579s]       |          [01;31m[K^~~~~~~~~~~~~~~~~~~~~~~~~~~~~~~~~~~~~~~~~~~~[m[K
[0.580s] compilation terminated.
[0.583s] gmake[2]: *** [CMakeFiles/diffdrive_roscore.dir/build.make:76: CMakeFiles/diffdrive_roscore.dir/src/diffdrive_roscore.cpp.o] Error 1
[0.583s] gmake[1]: *** [CMakeFiles/Makefile2:684: CMakeFiles/diffdrive_roscore.dir/all] Error 2
[0.584s] gmake[1]: *** Waiting for unfinished jobs....
[1.224s] In file included from [01m[K/home/user/ros2_ws/src/roboclaw_ros2/src/roboclaw_roscore.cpp:24[m[K:
[1.224s] [01m[K/home/user/ros2_ws/src/roboclaw_ros2/include/roboclaw_roscore.h:34:10:[m[K [01;31m[Kfatal error: [m[Kroboclaw_ros2/msg/RoboclawEncoderSteps.hpp: No such file or directory
[1.224s]    34 | #include [01;31m[K"roboclaw_ros2/msg/RoboclawEncoderSteps.hpp"[m[K
[1.224s]       |          [01;31m[K^~~~~~~~~~~~~~~~~~~~~~~~~~~~~~~~~~~~~~~~~~~~[m[K
[1.224s] compilation terminated.
[1.239s] gmake[2]: *** [CMakeFiles/roboclaw_roscore.dir/build.make:76: CMakeFiles/roboclaw_roscore.dir/src/roboclaw_roscore.cpp.o] Error 1
[1.239s] gmake[1]: *** [CMakeFiles/Makefile2:628: CMakeFiles/roboclaw_roscore.dir/all] Error 2
[1.239s] gmake: *** [Makefile:146: all] Error 2
[1.241s] Invoked command in '/home/user/ros2_ws/src/build/roboclaw_ros2' returned '2': CMAKE_PREFIX_PATH=${CMAKE_PREFIX_PATH}:/opt/ros/humble /usr/bin/cmake --build /home/user/ros2_ws/src/build/roboclaw_ros2 -- -j12 -l12
