[0.078s] Invoking command in '/home/user/ros2_ws/src/build/roboclaw_ros2': CMAKE_PREFIX_PATH=${CMAKE_PREFIX_PATH}:/opt/ros/humble /usr/bin/cmake --build /home/user/ros2_ws/src/build/roboclaw_ros2 -- -j12 -l12
[0.134s] [  2%] Built target roboclaw_ros2__cpp
[0.135s] [ 10%] Built target roboclaw_ros2__rosidl_generator_c
[0.147s] [ 10%] Built target ament_cmake_python_copy_roboclaw_ros2
[0.167s] [ 16%] Built target roboclaw_driver
[0.174s] [ 24%] Built target roboclaw_ros2__rosidl_typesupport_introspection_cpp
[0.174s] [ 32%] Built target roboclaw_ros2__rosidl_typesupport_cpp
[0.176s] [ 40%] Built target roboclaw_ros2__rosidl_typesupport_fastrtps_cpp
[0.178s] [ 48%] Built target roboclaw_ros2__rosidl_typesupport_c
[0.179s] [ 56%] Built target roboclaw_ros2__rosidl_typesupport_introspection_c
[0.181s] [ 64%] Built target roboclaw_ros2__rosidl_typesupport_fastrtps_c
[0.200s] [ 66%] [32mBuilding CXX object CMakeFiles/diffdrive_roscore.dir/src/diffdrive_roscore.cpp.o[0m
[0.201s] [ 68%] [32mBuilding CXX object CMakeFiles/roboclaw_roscore.dir/src/roboclaw_roscore.cpp.o[0m
[0.205s] [ 68%] Built target roboclaw_ros2
[0.229s] [ 70%] Built target roboclaw_ros2__py
[0.266s] [ 72%] [32mBuilding C object CMakeFiles/roboclaw_ros2__rosidl_generator_py.dir/rosidl_generator_py/roboclaw_ros2/msg/_roboclaw_motor_velocity_s.c.o[0m
[0.267s] [ 74%] [32mBuilding C object CMakeFiles/roboclaw_ros2__rosidl_generator_py.dir/rosidl_generator_py/roboclaw_ros2/msg/_roboclaw_encoder_steps_s.c.o[0m
[0.454s] [ 76%] [32m[1mLinking C shared library rosidl_generator_py/roboclaw_ros2/libroboclaw_ros2__rosidl_generator_py.so[0m
[0.524s] [ 76%] Built target roboclaw_ros2__rosidl_generator_py
[0.548s] [ 78%] [32mBuilding C object CMakeFiles/roboclaw_ros2__rosidl_typesupport_fastrtps_c__pyext.dir/rosidl_generator_py/roboclaw_ros2/_roboclaw_ros2_s.ep.rosidl_typesupport_fastrtps_c.c.o[0m
[0.548s] [ 80%] [32mBuilding C object CMakeFiles/roboclaw_ros2__rosidl_typesupport_introspection_c__pyext.dir/rosidl_generator_py/roboclaw_ros2/_roboclaw_ros2_s.ep.rosidl_typesupport_introspection_c.c.o[0m
[0.549s] [ 82%] [32mBuilding C object CMakeFiles/roboclaw_ros2__rosidl_typesupport_c__pyext.dir/rosidl_generator_py/roboclaw_ros2/_roboclaw_ros2_s.ep.rosidl_typesupport_c.c.o[0m
[0.589s] running egg_info
[0.590s] writing roboclaw_ros2.egg-info/PKG-INFO
[0.591s] writing dependency_links to roboclaw_ros2.egg-info/dependency_links.txt
[0.591s] writing top-level names to roboclaw_ros2.egg-info/top_level.txt
[0.594s] reading manifest file 'roboclaw_ros2.egg-info/SOURCES.txt'
[0.595s] writing manifest file 'roboclaw_ros2.egg-info/SOURCES.txt'
[0.622s] [ 82%] Built target ament_cmake_python_build_roboclaw_ros2_egg
[0.657s] In file included from [01m[K/home/user/ros2_ws/src/roboclaw_ros2/src/diffdrive_roscore.cpp:28[m[K:
[0.657s] [01m[K/home/user/ros2_ws/src/roboclaw_ros2/include/diffdrive_roscore.h:32:10:[m[K [01;31m[Kfatal error: [m[Kroboclaw_ros2/RoboclawEncoderSteps.hpp: No such file or directory
[0.657s]    32 | #include [01;31m[K"roboclaw_ros2/RoboclawEncoderSteps.hpp"[m[K
[0.658s]       |          [01;31m[K^~~~~~~~~~~~~~~~~~~~~~~~~~~~~~~~~~~~~~~~[m[K
[0.658s] compilation terminated.
[0.662s] gmake[2]: *** [CMakeFiles/diffdrive_roscore.dir/build.make:76: CMakeFiles/diffdrive_roscore.dir/src/diffdrive_roscore.cpp.o] Error 1
[0.662s] gmake[1]: *** [CMakeFiles/Makefile2:684: CMakeFiles/diffdrive_roscore.dir/all] Error 2
[0.662s] gmake[1]: *** Waiting for unfinished jobs....
[0.686s] [ 84%] [32m[1mLinking C shared library rosidl_generator_py/roboclaw_ros2/roboclaw_ros2_s__rosidl_typesupport_introspection_c.cpython-310-x86_64-linux-gnu.so[0m
[0.732s] [ 84%] Built target roboclaw_ros2__rosidl_typesupport_introspection_c__pyext
[0.745s] [ 88%] [32m[1mLinking C shared library rosidl_generator_py/roboclaw_ros2/roboclaw_ros2_s__rosidl_typesupport_fastrtps_c.cpython-310-x86_64-linux-gnu.so[0m
[0.746s] [ 88%] [32m[1mLinking C shared library rosidl_generator_py/roboclaw_ros2/roboclaw_ros2_s__rosidl_typesupport_c.cpython-310-x86_64-linux-gnu.so[0m
[0.786s] [ 88%] Built target roboclaw_ros2__rosidl_typesupport_c__pyext
[0.786s] [ 88%] Built target roboclaw_ros2__rosidl_typesupport_fastrtps_c__pyext
[1.335s] In file included from [01m[K/home/user/ros2_ws/src/roboclaw_ros2/src/roboclaw_roscore.cpp:24[m[K:
[1.336s] [01m[K/home/user/ros2_ws/src/roboclaw_ros2/include/roboclaw_roscore.h:34:10:[m[K [01;31m[Kfatal error: [m[Kroboclaw_ros2/RoboclawEncoderSteps.hpp: No such file or directory
[1.336s]    34 | #include [01;31m[K"roboclaw_ros2/RoboclawEncoderSteps.hpp"[m[K
[1.336s]       |          [01;31m[K^~~~~~~~~~~~~~~~~~~~~~~~~~~~~~~~~~~~~~~~[m[K
[1.336s] compilation terminated.
[1.549s] gmake[2]: *** [CMakeFiles/roboclaw_roscore.dir/build.make:76: CMakeFiles/roboclaw_roscore.dir/src/roboclaw_roscore.cpp.o] Error 1
[1.550s] gmake[1]: *** [CMakeFiles/Makefile2:628: CMakeFiles/roboclaw_roscore.dir/all] Error 2
[1.551s] gmake: *** [Makefile:146: all] Error 2
[1.555s] Invoked command in '/home/user/ros2_ws/src/build/roboclaw_ros2' returned '2': CMAKE_PREFIX_PATH=${CMAKE_PREFIX_PATH}:/opt/ros/humble /usr/bin/cmake --build /home/user/ros2_ws/src/build/roboclaw_ros2 -- -j12 -l12
