[0.068s] Invoking command in '/home/user/ros2_ws/src/build/roboclaw_ros2': CMAKE_PREFIX_PATH=${CMAKE_PREFIX_PATH}:/opt/ros/humble /usr/bin/cmake --build /home/user/ros2_ws/src/build/roboclaw_ros2 -- -j12 -l12
[0.130s] [  2%] Built target roboclaw_ros2__cpp
[0.133s] [ 10%] Built target roboclaw_ros2__rosidl_generator_c
[0.145s] [ 10%] Built target ament_cmake_python_copy_roboclaw_ros2
[0.166s] [ 16%] Built target roboclaw_driver
[0.171s] [ 24%] Built target roboclaw_ros2__rosidl_typesupport_introspection_cpp
[0.172s] [ 32%] Built target roboclaw_ros2__rosidl_typesupport_fastrtps_cpp
[0.175s] [ 40%] Built target roboclaw_ros2__rosidl_typesupport_introspection_c
[0.176s] [ 48%] Built target roboclaw_ros2__rosidl_typesupport_c
[0.177s] [ 56%] Built target roboclaw_ros2__rosidl_typesupport_cpp
[0.179s] [ 64%] Built target roboclaw_ros2__rosidl_typesupport_fastrtps_c
[0.205s] [ 68%] [32mBuilding CXX object CMakeFiles/roboclaw_roscore.dir/src/roboclaw_roscore.cpp.o[0m
[0.205s] [ 68%] [32mBuilding CXX object CMakeFiles/diffdrive_roscore.dir/src/diffdrive_roscore.cpp.o[0m
[0.207s] [ 68%] Built target roboclaw_ros2
[0.243s] [ 70%] Built target roboclaw_ros2__py
[0.268s] [ 76%] Built target roboclaw_ros2__rosidl_generator_py
[0.300s] [ 80%] Built target roboclaw_ros2__rosidl_typesupport_c__pyext
[0.303s] [ 84%] Built target roboclaw_ros2__rosidl_typesupport_fastrtps_c__pyext
[0.308s] [ 88%] Built target roboclaw_ros2__rosidl_typesupport_introspection_c__pyext
[0.547s] running egg_info
[0.548s] writing roboclaw_ros2.egg-info/PKG-INFO
[0.548s] writing dependency_links to roboclaw_ros2.egg-info/dependency_links.txt
[0.548s] writing top-level names to roboclaw_ros2.egg-info/top_level.txt
[0.551s] reading manifest file 'roboclaw_ros2.egg-info/SOURCES.txt'
[0.552s] writing manifest file 'roboclaw_ros2.egg-info/SOURCES.txt'
[0.577s] [ 88%] Built target ament_cmake_python_build_roboclaw_ros2_egg
[0.590s] In file included from [01m[K/home/user/ros2_ws/src/roboclaw_ros2/src/diffdrive_roscore.cpp:28[m[K:
[0.590s] [01m[K/home/user/ros2_ws/src/roboclaw_ros2/include/diffdrive_roscore.h:32:10:[m[K [01;31m[Kfatal error: [m[Kroboclaw_ros2/msg/RoboclawEncoderSteps.hpp: No such file or directory
[0.590s]    32 | #include [01;31m[K"roboclaw_ros2/msg/RoboclawEncoderSteps.hpp"[m[K
[0.590s]       |          [01;31m[K^~~~~~~~~~~~~~~~~~~~~~~~~~~~~~~~~~~~~~~~~~~~[m[K
[0.590s] compilation terminated.
[0.593s] gmake[2]: *** [CMakeFiles/diffdrive_roscore.dir/build.make:76: CMakeFiles/diffdrive_roscore.dir/src/diffdrive_roscore.cpp.o] Error 1
[0.593s] gmake[1]: *** [CMakeFiles/Makefile2:684: CMakeFiles/diffdrive_roscore.dir/all] Error 2
[0.594s] gmake[1]: *** Waiting for unfinished jobs....
[1.210s] In file included from [01m[K/home/user/ros2_ws/src/roboclaw_ros2/src/roboclaw_roscore.cpp:24[m[K:
[1.211s] [01m[K/home/user/ros2_ws/src/roboclaw_ros2/include/roboclaw_roscore.h:34:10:[m[K [01;31m[Kfatal error: [m[Kroboclaw_ros2/msg/RoboclawEncoderSteps.hpp: No such file or directory
[1.211s]    34 | #include [01;31m[K"roboclaw_ros2/msg/RoboclawEncoderSteps.hpp"[m[K
[1.211s]       |          [01;31m[K^~~~~~~~~~~~~~~~~~~~~~~~~~~~~~~~~~~~~~~~~~~~[m[K
[1.211s] compilation terminated.
[1.216s] gmake[2]: *** [CMakeFiles/roboclaw_roscore.dir/build.make:76: CMakeFiles/roboclaw_roscore.dir/src/roboclaw_roscore.cpp.o] Error 1
[1.217s] gmake[1]: *** [CMakeFiles/Makefile2:628: CMakeFiles/roboclaw_roscore.dir/all] Error 2
[1.217s] gmake: *** [Makefile:146: all] Error 2
[1.219s] Invoked command in '/home/user/ros2_ws/src/build/roboclaw_ros2' returned '2': CMAKE_PREFIX_PATH=${CMAKE_PREFIX_PATH}:/opt/ros/humble /usr/bin/cmake --build /home/user/ros2_ws/src/build/roboclaw_ros2 -- -j12 -l12
